Determining if the pthread_create exist failed with the following output:
Change Dir: /home/stel/Game/Game/cmake-build-debug/CMakeFiles/CMakeTmp

Run Build Command:"/usr/bin/make" "cmTC_0dc37/fast"
/usr/bin/make -f CMakeFiles/cmTC_0dc37.dir/build.make CMakeFiles/cmTC_0dc37.dir/build
make[1]: Entering directory '/home/stel/Game/Game/cmake-build-debug/CMakeFiles/CMakeTmp'
Building C object CMakeFiles/cmTC_0dc37.dir/CheckSymbolExists.c.o
/usr/bin/cc    -o CMakeFiles/cmTC_0dc37.dir/CheckSymbolExists.c.o   -c /home/stel/Game/Game/cmake-build-debug/CMakeFiles/CMakeTmp/CheckSymbolExists.c
Linking C executable cmTC_0dc37
/home/stel/clion-2017.2.2/bin/cmake/bin/cmake -E cmake_link_script CMakeFiles/cmTC_0dc37.dir/link.txt --verbose=1
/usr/bin/cc      CMakeFiles/cmTC_0dc37.dir/CheckSymbolExists.c.o  -o cmTC_0dc37 
CMakeFiles/cmTC_0dc37.dir/CheckSymbolExists.c.o: In function `main':
CheckSymbolExists.c:(.text+0x1b): undefined reference to `pthread_create'
collect2: error: ld returned 1 exit status
CMakeFiles/cmTC_0dc37.dir/build.make:97: recipe for target 'cmTC_0dc37' failed
make[1]: *** [cmTC_0dc37] Error 1
make[1]: Leaving directory '/home/stel/Game/Game/cmake-build-debug/CMakeFiles/CMakeTmp'
Makefile:126: recipe for target 'cmTC_0dc37/fast' failed
make: *** [cmTC_0dc37/fast] Error 2

File /home/stel/Game/Game/cmake-build-debug/CMakeFiles/CMakeTmp/CheckSymbolExists.c:
/* */
#include <pthread.h>

int main(int argc, char** argv)
{
  (void)argv;
#ifndef pthread_create
  return ((int*)(&pthread_create))[argc];
#else
  (void)argc;
  return 0;
#endif
}

Determining if the function pthread_create exists in the pthreads failed with the following output:
Change Dir: /home/stel/Game/Game/cmake-build-debug/CMakeFiles/CMakeTmp

Run Build Command:"/usr/bin/make" "cmTC_2c6b6/fast"
/usr/bin/make -f CMakeFiles/cmTC_2c6b6.dir/build.make CMakeFiles/cmTC_2c6b6.dir/build
make[1]: Entering directory '/home/stel/Game/Game/cmake-build-debug/CMakeFiles/CMakeTmp'
Building C object CMakeFiles/cmTC_2c6b6.dir/CheckFunctionExists.c.o
/usr/bin/cc   -DCHECK_FUNCTION_EXISTS=pthread_create   -o CMakeFiles/cmTC_2c6b6.dir/CheckFunctionExists.c.o   -c /home/stel/clion-2017.2.2/bin/cmake/share/cmake-3.9/Modules/CheckFunctionExists.c
Linking C executable cmTC_2c6b6
/home/stel/clion-2017.2.2/bin/cmake/bin/cmake -E cmake_link_script CMakeFiles/cmTC_2c6b6.dir/link.txt --verbose=1
/usr/bin/cc  -DCHECK_FUNCTION_EXISTS=pthread_create    CMakeFiles/cmTC_2c6b6.dir/CheckFunctionExists.c.o  -o cmTC_2c6b6 -lpthreads 
/usr/bin/ld: cannot find -lpthreads
collect2: error: ld returned 1 exit status
CMakeFiles/cmTC_2c6b6.dir/build.make:97: recipe for target 'cmTC_2c6b6' failed
make[1]: *** [cmTC_2c6b6] Error 1
make[1]: Leaving directory '/home/stel/Game/Game/cmake-build-debug/CMakeFiles/CMakeTmp'
Makefile:126: recipe for target 'cmTC_2c6b6/fast' failed
make: *** [cmTC_2c6b6/fast] Error 2


