Fission Engine Log File @ local time: Wed Apr  5 01:55:52 2017

OpenGL Version: 4.5.0 NVIDIA 375.39
Project Window Dimensions: [ width: 1024 ] - [ height: 768 ] 
VSYNC: 1
Alpha Blending: 1

GL Context Params: 
GL_MAX_COMBINED_TEXTURE_IMAGE_UNITS 192
GL_MAX_CUBE_MAP_TEXTURE_SIZE 16384
GL_MAX_DRAW_BUFFERS 8
GL_MAX_FRAGMENT_UNIFORM_COMPONENTS 4096
GL_MAX_TEXTURE_IMAGE_UNITS 32
GL_MAX_TEXTURE_SIZE 16384
GL_MAX_VARYING_FLOATS 124
GL_MAX_VERTEX_ATTRIBS 16
GL_MAX_VERTEX_TEXTURE_IMAGE_UNITS 32
GL_MAX_VERTEX_UNIFORM_COMPONENTS 4096
GL_MAX_VIEWPORT_DIMS 16384 16384
GL_STEREO 0
------------------------------------
OpenGL Version: 4.5.0 NVIDIA 375.39
Project Window Dimensions: [ width: 1024 ] - [ height: 768 ] 
VSYNC: 1
Alpha Blending: 1

GL Context Params: 
GL_MAX_COMBINED_TEXTURE_IMAGE_UNITS 192
GL_MAX_CUBE_MAP_TEXTURE_SIZE 16384
GL_MAX_DRAW_BUFFERS 8
GL_MAX_FRAGMENT_UNIFORM_COMPONENTS 4096
GL_MAX_TEXTURE_IMAGE_UNITS 32
GL_MAX_TEXTURE_SIZE 16384
GL_MAX_VARYING_FLOATS 124
GL_MAX_VERTEX_ATTRIBS 16
GL_MAX_VERTEX_TEXTURE_IMAGE_UNITS 32
GL_MAX_VERTEX_UNIFORM_COMPONENTS 4096
GL_MAX_VIEWPORT_DIMS 16384 16384
GL_STEREO 0
------------------------------------
OpenGL Version: 4.5.0 NVIDIA 375.39
Project Window Dimensions: [ width: 1024 ] - [ height: 768 ] 
VSYNC: 1
Alpha Blending: 1

GL Context Params: 
GL_MAX_COMBINED_TEXTURE_IMAGE_UNITS 192
GL_MAX_CUBE_MAP_TEXTURE_SIZE 16384
GL_MAX_DRAW_BUFFERS 8
GL_MAX_FRAGMENT_UNIFORM_COMPONENTS 4096
GL_MAX_TEXTURE_IMAGE_UNITS 32
GL_MAX_TEXTURE_SIZE 16384
GL_MAX_VARYING_FLOATS 124
GL_MAX_VERTEX_ATTRIBS 16
GL_MAX_VERTEX_TEXTURE_IMAGE_UNITS 32
GL_MAX_VERTEX_UNIFORM_COMPONENTS 4096
GL_MAX_VIEWPORT_DIMS 16384 16384
GL_STEREO 0
------------------------------------
OpenGL Version: 4.5.0 NVIDIA 375.39
Project Window Dimensions: [ width: 1024 ] - [ height: 768 ] 
VSYNC: 1
Alpha Blending: 1

GL Context Params: 
GL_MAX_COMBINED_TEXTURE_IMAGE_UNITS 192
GL_MAX_CUBE_MAP_TEXTURE_SIZE 16384
GL_MAX_DRAW_BUFFERS 8
GL_MAX_FRAGMENT_UNIFORM_COMPONENTS 4096
GL_MAX_TEXTURE_IMAGE_UNITS 32
GL_MAX_TEXTURE_SIZE 16384
GL_MAX_VARYING_FLOATS 124
GL_MAX_VERTEX_ATTRIBS 16
GL_MAX_VERTEX_TEXTURE_IMAGE_UNITS 32
GL_MAX_VERTEX_UNIFORM_COMPONENTS 4096
GL_MAX_VIEWPORT_DIMS 16384 16384
GL_STEREO 0
------------------------------------
OpenGL Version: 4.5.0 NVIDIA 375.39
Project Window Dimensions: [ width: 1024 ] - [ height: 768 ] 
VSYNC: 1
Alpha Blending: 1

GL Context Params: 
GL_MAX_COMBINED_TEXTURE_IMAGE_UNITS 192
GL_MAX_CUBE_MAP_TEXTURE_SIZE 16384
GL_MAX_DRAW_BUFFERS 8
GL_MAX_FRAGMENT_UNIFORM_COMPONENTS 4096
GL_MAX_TEXTURE_IMAGE_UNITS 32
GL_MAX_TEXTURE_SIZE 16384
GL_MAX_VARYING_FLOATS 124
GL_MAX_VERTEX_ATTRIBS 16
GL_MAX_VERTEX_TEXTURE_IMAGE_UNITS 32
GL_MAX_VERTEX_UNIFORM_COMPONENTS 4096
GL_MAX_VIEWPORT_DIMS 16384 16384
GL_STEREO 0
------------------------------------
OpenGL Version: 4.5.0 NVIDIA 375.39
Project Window Dimensions: [ width: 1024 ] - [ height: 768 ] 
VSYNC: 1
Alpha Blending: 1

GL Context Params: 
GL_MAX_COMBINED_TEXTURE_IMAGE_UNITS 192
GL_MAX_CUBE_MAP_TEXTURE_SIZE 16384
GL_MAX_DRAW_BUFFERS 8
GL_MAX_FRAGMENT_UNIFORM_COMPONENTS 4096
GL_MAX_TEXTURE_IMAGE_UNITS 32
GL_MAX_TEXTURE_SIZE 16384
GL_MAX_VARYING_FLOATS 124
GL_MAX_VERTEX_ATTRIBS 16
GL_MAX_VERTEX_TEXTURE_IMAGE_UNITS 32
GL_MAX_VERTEX_UNIFORM_COMPONENTS 4096
GL_MAX_VIEWPORT_DIMS 16384 16384
GL_STEREO 0
------------------------------------
OpenGL Version: 4.5.0 NVIDIA 375.39
Project Window Dimensions: [ width: 1024 ] - [ height: 768 ] 
VSYNC: 1
Alpha Blending: 1

GL Context Params: 
GL_MAX_COMBINED_TEXTURE_IMAGE_UNITS 192
GL_MAX_CUBE_MAP_TEXTURE_SIZE 16384
GL_MAX_DRAW_BUFFERS 8
GL_MAX_FRAGMENT_UNIFORM_COMPONENTS 4096
GL_MAX_TEXTURE_IMAGE_UNITS 32
GL_MAX_TEXTURE_SIZE 16384
GL_MAX_VARYING_FLOATS 124
GL_MAX_VERTEX_ATTRIBS 16
GL_MAX_VERTEX_TEXTURE_IMAGE_UNITS 32
GL_MAX_VERTEX_UNIFORM_COMPONENTS 4096
GL_MAX_VIEWPORT_DIMS 16384 16384
GL_STEREO 0
------------------------------------
OpenGL Version: 3.0 Mesa 17.0.3
Project Window Dimensions: [ width: 1024 ] - [ height: 768 ] 
VSYNC: 1
Alpha Blending: 1

GL Context Params: 
GL_MAX_COMBINED_TEXTURE_IMAGE_UNITS 192
GL_MAX_CUBE_MAP_TEXTURE_SIZE 16384
GL_MAX_DRAW_BUFFERS 8
GL_MAX_FRAGMENT_UNIFORM_COMPONENTS 16384
GL_MAX_TEXTURE_IMAGE_UNITS 32
GL_MAX_TEXTURE_SIZE 16384
GL_MAX_VARYING_FLOATS 124
GL_MAX_VERTEX_ATTRIBS 16
GL_MAX_VERTEX_TEXTURE_IMAGE_UNITS 32
GL_MAX_VERTEX_UNIFORM_COMPONENTS 16384
GL_MAX_VIEWPORT_DIMS 16384 16384
GL_STEREO 0
------------------------------------
OpenGL Version: 3.0 Mesa 17.0.3
Project Window Dimensions: [ width: 1024 ] - [ height: 768 ] 
VSYNC: 1
Alpha Blending: 1

GL Context Params: 
GL_MAX_COMBINED_TEXTURE_IMAGE_UNITS 192
GL_MAX_CUBE_MAP_TEXTURE_SIZE 16384
GL_MAX_DRAW_BUFFERS 8
GL_MAX_FRAGMENT_UNIFORM_COMPONENTS 16384
GL_MAX_TEXTURE_IMAGE_UNITS 32
GL_MAX_TEXTURE_SIZE 16384
GL_MAX_VARYING_FLOATS 124
GL_MAX_VERTEX_ATTRIBS 16
GL_MAX_VERTEX_TEXTURE_IMAGE_UNITS 32
GL_MAX_VERTEX_UNIFORM_COMPONENTS 16384
GL_MAX_VIEWPORT_DIMS 16384 16384
GL_STEREO 0
------------------------------------
OpenGL Version: 4.5.0 NVIDIA 375.39
Project Window Dimensions: [ width: 1024 ] - [ height: 768 ] 
VSYNC: 1
Alpha Blending: 1

GL Context Params: 
GL_MAX_COMBINED_TEXTURE_IMAGE_UNITS 192
GL_MAX_CUBE_MAP_TEXTURE_SIZE 16384
GL_MAX_DRAW_BUFFERS 8
GL_MAX_FRAGMENT_UNIFORM_COMPONENTS 4096
GL_MAX_TEXTURE_IMAGE_UNITS 32
GL_MAX_TEXTURE_SIZE 16384
GL_MAX_VARYING_FLOATS 124
GL_MAX_VERTEX_ATTRIBS 16
GL_MAX_VERTEX_TEXTURE_IMAGE_UNITS 32
GL_MAX_VERTEX_UNIFORM_COMPONENTS 4096
GL_MAX_VIEWPORT_DIMS 16384 16384
GL_STEREO 0
------------------------------------
OpenGL Version: 4.5.0 NVIDIA 375.39
Project Window Dimensions: [ width: 1024 ] - [ height: 768 ] 
VSYNC: 1
Alpha Blending: 1

GL Context Params: 
GL_MAX_COMBINED_TEXTURE_IMAGE_UNITS 192
GL_MAX_CUBE_MAP_TEXTURE_SIZE 16384
GL_MAX_DRAW_BUFFERS 8
GL_MAX_FRAGMENT_UNIFORM_COMPONENTS 4096
GL_MAX_TEXTURE_IMAGE_UNITS 32
GL_MAX_TEXTURE_SIZE 16384
GL_MAX_VARYING_FLOATS 124
GL_MAX_VERTEX_ATTRIBS 16
GL_MAX_VERTEX_TEXTURE_IMAGE_UNITS 32
GL_MAX_VERTEX_UNIFORM_COMPONENTS 4096
GL_MAX_VIEWPORT_DIMS 16384 16384
GL_STEREO 0
------------------------------------
OpenGL Version: 4.5.0 NVIDIA 375.39
Project Window Dimensions: [ width: 1024 ] - [ height: 768 ] 
VSYNC: 1
Alpha Blending: 1

GL Context Params: 
GL_MAX_COMBINED_TEXTURE_IMAGE_UNITS 192
GL_MAX_CUBE_MAP_TEXTURE_SIZE 16384
GL_MAX_DRAW_BUFFERS 8
GL_MAX_FRAGMENT_UNIFORM_COMPONENTS 4096
GL_MAX_TEXTURE_IMAGE_UNITS 32
GL_MAX_TEXTURE_SIZE 16384
GL_MAX_VARYING_FLOATS 124
GL_MAX_VERTEX_ATTRIBS 16
GL_MAX_VERTEX_TEXTURE_IMAGE_UNITS 32
GL_MAX_VERTEX_UNIFORM_COMPONENTS 4096
GL_MAX_VIEWPORT_DIMS 16384 16384
GL_STEREO 0
------------------------------------
OpenGL Version: 4.5.0 NVIDIA 375.39
Project Window Dimensions: [ width: 1024 ] - [ height: 768 ] 
VSYNC: 1
Alpha Blending: 1

GL Context Params: 
GL_MAX_COMBINED_TEXTURE_IMAGE_UNITS 192
GL_MAX_CUBE_MAP_TEXTURE_SIZE 16384
GL_MAX_DRAW_BUFFERS 8
GL_MAX_FRAGMENT_UNIFORM_COMPONENTS 4096
GL_MAX_TEXTURE_IMAGE_UNITS 32
GL_MAX_TEXTURE_SIZE 16384
GL_MAX_VARYING_FLOATS 124
GL_MAX_VERTEX_ATTRIBS 16
GL_MAX_VERTEX_TEXTURE_IMAGE_UNITS 32
GL_MAX_VERTEX_UNIFORM_COMPONENTS 4096
GL_MAX_VIEWPORT_DIMS 16384 16384
GL_STEREO 0
------------------------------------
OpenGL Version: 4.5.0 NVIDIA 375.39
Project Window Dimensions: [ width: 1024 ] - [ height: 768 ] 
VSYNC: 1
Alpha Blending: 1

GL Context Params: 
GL_MAX_COMBINED_TEXTURE_IMAGE_UNITS 192
GL_MAX_CUBE_MAP_TEXTURE_SIZE 16384
GL_MAX_DRAW_BUFFERS 8
GL_MAX_FRAGMENT_UNIFORM_COMPONENTS 4096
GL_MAX_TEXTURE_IMAGE_UNITS 32
GL_MAX_TEXTURE_SIZE 16384
GL_MAX_VARYING_FLOATS 124
GL_MAX_VERTEX_ATTRIBS 16
GL_MAX_VERTEX_TEXTURE_IMAGE_UNITS 32
GL_MAX_VERTEX_UNIFORM_COMPONENTS 4096
GL_MAX_VIEWPORT_DIMS 16384 16384
GL_STEREO 0
------------------------------------
OpenGL Version: 4.5.0 NVIDIA 375.39
Project Window Dimensions: [ width: 1024 ] - [ height: 768 ] 
VSYNC: 1
Alpha Blending: 1

GL Context Params: 
GL_MAX_COMBINED_TEXTURE_IMAGE_UNITS 192
GL_MAX_CUBE_MAP_TEXTURE_SIZE 16384
GL_MAX_DRAW_BUFFERS 8
GL_MAX_FRAGMENT_UNIFORM_COMPONENTS 4096
GL_MAX_TEXTURE_IMAGE_UNITS 32
GL_MAX_TEXTURE_SIZE 16384
GL_MAX_VARYING_FLOATS 124
GL_MAX_VERTEX_ATTRIBS 16
GL_MAX_VERTEX_TEXTURE_IMAGE_UNITS 32
GL_MAX_VERTEX_UNIFORM_COMPONENTS 4096
GL_MAX_VIEWPORT_DIMS 16384 16384
GL_STEREO 0
------------------------------------
OpenGL Version: 4.5.0 NVIDIA 375.39
Project Window Dimensions: [ width: 1024 ] - [ height: 768 ] 
VSYNC: 1
Alpha Blending: 1

GL Context Params: 
GL_MAX_COMBINED_TEXTURE_IMAGE_UNITS 192
GL_MAX_CUBE_MAP_TEXTURE_SIZE 16384
GL_MAX_DRAW_BUFFERS 8
GL_MAX_FRAGMENT_UNIFORM_COMPONENTS 4096
GL_MAX_TEXTURE_IMAGE_UNITS 32
GL_MAX_TEXTURE_SIZE 16384
GL_MAX_VARYING_FLOATS 124
GL_MAX_VERTEX_ATTRIBS 16
GL_MAX_VERTEX_TEXTURE_IMAGE_UNITS 32
GL_MAX_VERTEX_UNIFORM_COMPONENTS 4096
GL_MAX_VIEWPORT_DIMS 16384 16384
GL_STEREO 0
------------------------------------
