Determining if the pthread_create exist failed with the following output:
Change Dir: /home/stel/Game/Game/cmake-build-release/CMakeFiles/CMakeTmp

Run Build Command:"/usr/bin/make" "cmTC_c047e/fast"
/usr/bin/make -f CMakeFiles/cmTC_c047e.dir/build.make CMakeFiles/cmTC_c047e.dir/build
make[1]: Entering directory '/home/stel/Game/Game/cmake-build-release/CMakeFiles/CMakeTmp'
Building C object CMakeFiles/cmTC_c047e.dir/CheckSymbolExists.c.o
/usr/bin/cc     -o CMakeFiles/cmTC_c047e.dir/CheckSymbolExists.c.o   -c /home/stel/Game/Game/cmake-build-release/CMakeFiles/CMakeTmp/CheckSymbolExists.c
Linking C executable cmTC_c047e
/home/stel/clion-2017.1.1/bin/cmake/bin/cmake -E cmake_link_script CMakeFiles/cmTC_c047e.dir/link.txt --verbose=1
/usr/bin/cc       CMakeFiles/cmTC_c047e.dir/CheckSymbolExists.c.o  -o cmTC_c047e 
CMakeFiles/cmTC_c047e.dir/CheckSymbolExists.c.o: In function `main':
CheckSymbolExists.c:(.text+0x1b): undefined reference to `pthread_create'
collect2: error: ld returned 1 exit status
CMakeFiles/cmTC_c047e.dir/build.make:97: recipe for target 'cmTC_c047e' failed
make[1]: *** [cmTC_c047e] Error 1
make[1]: Leaving directory '/home/stel/Game/Game/cmake-build-release/CMakeFiles/CMakeTmp'
Makefile:126: recipe for target 'cmTC_c047e/fast' failed
make: *** [cmTC_c047e/fast] Error 2

File /home/stel/Game/Game/cmake-build-release/CMakeFiles/CMakeTmp/CheckSymbolExists.c:
/* */
#include <pthread.h>

int main(int argc, char** argv)
{
  (void)argv;
#ifndef pthread_create
  return ((int*)(&pthread_create))[argc];
#else
  (void)argc;
  return 0;
#endif
}

Determining if the function pthread_create exists in the pthreads failed with the following output:
Change Dir: /home/stel/Game/Game/cmake-build-release/CMakeFiles/CMakeTmp

Run Build Command:"/usr/bin/make" "cmTC_1e227/fast"
/usr/bin/make -f CMakeFiles/cmTC_1e227.dir/build.make CMakeFiles/cmTC_1e227.dir/build
make[1]: Entering directory '/home/stel/Game/Game/cmake-build-release/CMakeFiles/CMakeTmp'
Building C object CMakeFiles/cmTC_1e227.dir/CheckFunctionExists.c.o
/usr/bin/cc    -DCHECK_FUNCTION_EXISTS=pthread_create   -o CMakeFiles/cmTC_1e227.dir/CheckFunctionExists.c.o   -c /home/stel/clion-2017.1.1/bin/cmake/share/cmake-3.7/Modules/CheckFunctionExists.c
Linking C executable cmTC_1e227
/home/stel/clion-2017.1.1/bin/cmake/bin/cmake -E cmake_link_script CMakeFiles/cmTC_1e227.dir/link.txt --verbose=1
/usr/bin/cc   -DCHECK_FUNCTION_EXISTS=pthread_create    CMakeFiles/cmTC_1e227.dir/CheckFunctionExists.c.o  -o cmTC_1e227 -lpthreads 
/usr/bin/ld: cannot find -lpthreads
collect2: error: ld returned 1 exit status
CMakeFiles/cmTC_1e227.dir/build.make:97: recipe for target 'cmTC_1e227' failed
make[1]: *** [cmTC_1e227] Error 1
make[1]: Leaving directory '/home/stel/Game/Game/cmake-build-release/CMakeFiles/CMakeTmp'
Makefile:126: recipe for target 'cmTC_1e227/fast' failed
make: *** [cmTC_1e227/fast] Error 2


